c:\users\freeverc\projects\visualstudioprojects\graphics\problem3\x64\debug\vc142.pdb
c:\users\freeverc\projects\visualstudioprojects\graphics\problem3\x64\debug\vc142.idb
c:\users\freeverc\projects\visualstudioprojects\graphics\problem3\x64\debug\problem3.obj
c:\users\freeverc\projects\visualstudioprojects\graphics\x64\debug\problem3.ilk
c:\users\freeverc\projects\visualstudioprojects\graphics\x64\debug\problem3.exe
c:\users\freeverc\projects\visualstudioprojects\graphics\x64\debug\problem3.pdb
c:\users\freeverc\projects\visualstudioprojects\graphics\problem3\x64\debug\vcpkg.applocal.log
d:\graphics\problem3\x64\debug\problem3.obj
d:\graphics\problem3\x64\debug\vc142.idb
d:\graphics\problem3\x64\debug\vc142.pdb
d:\graphics\x64\debug\problem3.pdb
d:\graphics\x64\debug\problem3.exe
d:\graphics\x64\debug\problem3.ilk
d:\graphics\problem3\x64\debug\problem3.tlog\cl.command.1.tlog
d:\graphics\problem3\x64\debug\problem3.tlog\cl.read.1.tlog
d:\graphics\problem3\x64\debug\problem3.tlog\cl.write.1.tlog
d:\graphics\problem3\x64\debug\problem3.tlog\link.command.1.tlog
d:\graphics\problem3\x64\debug\problem3.tlog\link.read.1.tlog
d:\graphics\problem3\x64\debug\problem3.tlog\link.write.1.tlog
d:\graphics\problem3\x64\debug\problem3.tlog\problem3.write.1u.tlog
